<?xml version="1.0" encoding="UTF-8"?>
<testng-results ignored="0" total="4" passed="4" failed="0" skipped="0">
  <reporter-output>
  </reporter-output>
  <suite started-at="2024-01-31T12:48:48 IST" name="Default suite" finished-at="2024-01-31T12:48:48 IST" duration-ms="126">
    <groups>
      <group name="Sanity">
        <method signature="practiceTest.sumof2()[pri:0, instance:com.testng.practiceTest@10e41621]" name="sumof2" class="com.testng.practiceTest"/>
        <method signature="practiceTest.sumof3()[pri:0, instance:com.testng.practiceTest@10e41621]" name="sumof3" class="com.testng.practiceTest"/>
      </group> <!-- Sanity -->
      <group name="smoke">
        <method signature="practiceTest.productof2()[pri:0, instance:com.testng.practiceTest@10e41621]" name="productof2" class="com.testng.practiceTest"/>
        <method signature="practiceTest.productof3()[pri:0, instance:com.testng.practiceTest@10e41621]" name="productof3" class="com.testng.practiceTest"/>
      </group> <!-- smoke -->
    </groups>
    <test started-at="2024-01-31T12:48:48 IST" name="Default test" finished-at="2024-01-31T12:48:48 IST" duration-ms="126">
      <class name="com.testng.practiceTest">
        <test-method signature="productof2()[pri:0, instance:com.testng.practiceTest@10e41621]" started-at="2024-01-31T12:48:48 IST" name="productof2" finished-at="2024-01-31T12:48:48 IST" duration-ms="37" status="PASS">
          <reporter-output>
          </reporter-output>
        </test-method> <!-- productof2 -->
        <test-method signature="productof3()[pri:0, instance:com.testng.practiceTest@10e41621]" started-at="2024-01-31T12:48:48 IST" name="productof3" finished-at="2024-01-31T12:48:48 IST" duration-ms="1" status="PASS">
          <reporter-output>
          </reporter-output>
        </test-method> <!-- productof3 -->
        <test-method signature="sumof2()[pri:0, instance:com.testng.practiceTest@10e41621]" started-at="2024-01-31T12:48:48 IST" name="sumof2" finished-at="2024-01-31T12:48:48 IST" duration-ms="4" status="PASS">
          <reporter-output>
          </reporter-output>
        </test-method> <!-- sumof2 -->
        <test-method signature="sumof3()[pri:0, instance:com.testng.practiceTest@10e41621]" started-at="2024-01-31T12:48:48 IST" name="sumof3" finished-at="2024-01-31T12:48:48 IST" duration-ms="1" status="PASS">
          <reporter-output>
          </reporter-output>
        </test-method> <!-- sumof3 -->
      </class> <!-- com.testng.practiceTest -->
    </test> <!-- Default test -->
  </suite> <!-- Default suite -->
</testng-results>
