<?xml version="1.0" encoding="UTF-8"?>
<!-- Generated by org.testng.reporters.JUnitXMLReporter -->
<testsuite ignored="0" hostname="LAPTOP-LIPV6VKP" failures="0" tests="4" name="Default test" time="0.126" errors="0" timestamp="2024-01-31T12:48:48 IST">
  <testcase classname="com.testng.practiceTest" name="productof2" time="0.037"/>
  <testcase classname="com.testng.practiceTest" name="productof3" time="0.001"/>
  <testcase classname="com.testng.practiceTest" name="sumof2" time="0.004"/>
  <testcase classname="com.testng.practiceTest" name="sumof3" time="0.001"/>
</testsuite> <!-- Default test -->
